<?xml version="1.0" encoding="UTF-8"?>
<!-- Generated by org.testng.reporters.JUnitReportReporter -->
<testsuite hostname="LAPTOP-MA3UARO9" failures="0" tests="1" name="po.qa.tests.LoginPageTest" time="31.867" errors="0" timestamp="2025-02-15T15:55:40 IST" skipped="0">
  <testcase classname="po.qa.tests.LoginPageTest" name="verify_login" time="31.867"/>
</testsuite> <!-- po.qa.tests.LoginPageTest -->
