<?xml version="1.0" encoding="UTF-8"?>
<!-- Generated by org.testng.reporters.JUnitReportReporter -->
<testsuite hostname="LAPTOP-MA3UARO9" failures="0" tests="4" name="com.qa.pagetest.LoginPageTest" time="56.346" errors="0" timestamp="2025-02-17T15:22:23 IST" skipped="0">
  <testcase classname="com.qa.pagetest.LoginPageTest" name="Verify_logo" time="12.065"/>
  <testcase classname="com.qa.pagetest.LoginPageTest" name="NavigateContact" time="20.062"/>
  <testcase classname="com.qa.pagetest.LoginPageTest" name="verify_title" time="10.577"/>
  <testcase classname="com.qa.pagetest.LoginPageTest" name="Verify_login" time="13.642"/>
</testsuite> <!-- com.qa.pagetest.LoginPageTest -->
