<?xml version="1.0" encoding="UTF-8"?>
<!-- Generated by org.testng.reporters.JUnitReportReporter -->
<testsuite hostname="LAPTOP-MA3UARO9" failures="0" tests="4" name="po.qa.tests.HomePageTest" time="107.171" errors="0" timestamp="2025-02-15T18:53:32 IST" skipped="0">
  <testcase classname="po.qa.tests.HomePageTest" name="VerifyTasksPage" time="24.634"/>
  <testcase classname="po.qa.tests.HomePageTest" name="VerifysearchPage" time="25.627"/>
  <testcase classname="po.qa.tests.HomePageTest" name="VerifyReportsPage" time="25.114"/>
  <testcase classname="po.qa.tests.HomePageTest" name="VerifyUsername" time="31.796"/>
</testsuite> <!-- po.qa.tests.HomePageTest -->
