<?xml version="1.0" encoding="UTF-8"?>
<!-- Generated by org.testng.reporters.JUnitReportReporter -->
<testsuite hostname="LAPTOP-MA3UARO9" failures="0" tests="2" name="po.qa.tests.ContactsPageTest" time="69.305" errors="0" timestamp="2025-02-15T21:13:24 IST" skipped="0">
  <testcase classname="po.qa.tests.ContactsPageTest" name="VerifyContactsicon" time="32.258"/>
  <testcase classname="po.qa.tests.ContactsPageTest" name="selectsinglecontact" time="37.047"/>
</testsuite> <!-- po.qa.tests.ContactsPageTest -->
