<?xml version="1.0" encoding="UTF-8"?>
<!-- Generated by org.testng.reporters.JUnitReportReporter -->
<testsuite hostname="LAPTOP-MA3UARO9" failures="0" tests="2" name="com.qa.pagetest.ContactsPageTest" time="54.937" errors="0" timestamp="2025-02-25T10:47:39 IST" skipped="0">
  <testcase classname="com.qa.pagetest.ContactsPageTest" name="verify_contact" time="29.209"/>
  <testcase classname="com.qa.pagetest.ContactsPageTest" name="navigate_forgot" time="25.728"/>
</testsuite> <!-- com.qa.pagetest.ContactsPageTest -->
